<?xml version="1.0" encoding="UTF-8"?>
<testsuite name="steps" tests="2" skipped="0" failures="0" errors="0" timestamp="2019-06-24T19:12:24" hostname="deep-dragon" time="1.001">
  <properties/>
  <testcase name="write_something_in_io" classname="steps" time="0.982"/>
  <testcase name="write_a_list_of_things" classname="steps" time="0.017"/>
  <system-out><![CDATA[org.gradle.internal.io.LinePerThreadBufferingOutputStream@2d4e8f03
text
org.gradle.internal.io.LinePerThreadBufferingOutputStream@e28fd29
text1
text2
]]></system-out>
  <system-err><![CDATA[]]></system-err>
</testsuite>
